<?xml version="1.0" encoding="UTF-8"?>
<!-- Generated by org.testng.reporters.JUnitReportReporter -->
<testsuite hostname="Shriyan" name="PageAction.CookiesTest" tests="1" failures="0" timestamp="28 Aug 2018 10:05:29 GMT" time="13.533" errors="0">
  <testcase name="FBCookies" time="13.533" classname="PageAction.CookiesTest"/>
</testsuite> <!-- PageAction.CookiesTest -->
