<?xml version="1.0" encoding="UTF-8"?>
<!-- Generated by org.testng.reporters.JUnitReportReporter -->
<testsuite hostname="Shriyan" name="PageAction.CookieExampleTest" tests="1" failures="0" timestamp="28 Aug 2018 10:20:26 GMT" time="6.371" errors="0">
  <testcase name="FBCookies" time="6.371" classname="PageAction.CookieExampleTest"/>
</testsuite> <!-- PageAction.CookieExampleTest -->
