<?xml version="1.0" encoding="UTF-8"?>
<!-- Generated by org.testng.reporters.JUnitReportReporter -->
<testsuite hostname="Shriyan" name="PageAction.WaitMethods" tests="1" failures="0" timestamp="13 Aug 2018 05:04:07 GMT" time="58.468" errors="0">
  <testcase name="login" time="58.468" classname="PageAction.WaitMethods"/>
</testsuite> <!-- PageAction.WaitMethods -->
