<?xml version="1.0" encoding="UTF-8"?>
<!-- Generated by org.testng.reporters.JUnitReportReporter -->
<testsuite hostname="Shriyan" name="PageAction.HtmlUnitDriverTest" tests="1" failures="0" timestamp="29 Aug 2018 05:59:17 GMT" time="3.005" errors="0">
  <testcase name="HTMLDriver" time="3.005" classname="PageAction.HtmlUnitDriverTest"/>
</testsuite> <!-- PageAction.HtmlUnitDriverTest -->
