<?xml version="1.0" encoding="UTF-8"?>
<!-- Generated by org.testng.reporters.JUnitReportReporter -->
<testsuite hostname="Shriyan" name="PageAction.AutoIT" tests="1" failures="0" timestamp="23 Aug 2018 05:32:12 GMT" time="18.783" errors="0">
  <testcase name="FileUpload" time="18.783" classname="PageAction.AutoIT"/>
</testsuite> <!-- PageAction.AutoIT -->
