<?xml version="1.0" encoding="UTF-8"?>
<!-- Generated by org.testng.reporters.JUnitReportReporter -->
<testsuite hostname="Shriyan" name="PageAction.HandlingIframe" tests="1" failures="0" timestamp="21 Aug 2018 05:33:28 GMT" time="12.954" errors="0">
  <testcase name="FrameWindow" time="12.954" classname="PageAction.HandlingIframe"/>
</testsuite> <!-- PageAction.HandlingIframe -->
