<?xml version="1.0" encoding="UTF-8"?>
<!-- Generated by org.testng.reporters.JUnitReportReporter -->
<testsuite hostname="Shriyan" name="PageAction.LoginFB" tests="1" failures="0" timestamp="28 Aug 2018 04:45:17 GMT" time="21.749" errors="0">
  <testcase name="login" time="21.749" classname="PageAction.LoginFB"/>
</testsuite> <!-- PageAction.LoginFB -->
