<?xml version="1.0" encoding="UTF-8"?>
<!-- Generated by org.testng.reporters.JUnitReportReporter -->
<testsuite hostname="Shriyan" name="PageAction.log4j_demo" tests="1" failures="0" timestamp="4 Sep 2018 05:44:55 GMT" time="44.564" errors="0">
  <testcase name="Log4j" time="44.564" classname="PageAction.log4j_demo"/>
</testsuite> <!-- PageAction.log4j_demo -->
