<?xml version="1.0" encoding="UTF-8"?>
<!-- Generated by org.testng.reporters.JUnitReportReporter -->
<testsuite hostname="Shriyan" name="PageAction.Launchingbrowsers" tests="1" failures="0" timestamp="31 Aug 2018 05:10:19 GMT" time="134.242" errors="0">
  <testcase name="login" time="134.242" classname="PageAction.Launchingbrowsers"/>
</testsuite> <!-- PageAction.Launchingbrowsers -->
