<?xml version="1.0" encoding="UTF-8"?>
<!-- Generated by org.testng.reporters.JUnitReportReporter -->
<testsuite hostname="Shriyan" name="PageAction.TestNGAnnotationsTest" tests="3" failures="0" timestamp="29 Aug 2018 02:27:47 GMT" time="0.020" errors="0">
  <testcase name="method2" time="0.005" classname="PageAction.TestNGAnnotationsTest"/>
  <testcase name="method1" time="0.006" classname="PageAction.TestNGAnnotationsTest"/>
  <testcase name="method3" time="0.009" classname="PageAction.TestNGAnnotationsTest"/>
</testsuite> <!-- PageAction.TestNGAnnotationsTest -->
