<?xml version="1.0" encoding="UTF-8"?>
<!-- Generated by org.testng.reporters.JUnitReportReporter -->
<testsuite hostname="Shriyan" name="PageAction.LoginFB" tests="1" failures="0" timestamp="30 Aug 2018 05:46:55 GMT" time="32.429" errors="0">
  <testcase name="login" time="32.429" classname="PageAction.LoginFB"/>
</testsuite> <!-- PageAction.LoginFB -->
